<?xml version="1.0" encoding="UTF-8"?>
<testsuite xmlns:xsi="http://www.w3.org/2001/XMLSchema-instance" xsi:noNamespaceSchemaLocation="https://maven.apache.org/surefire/maven-surefire-plugin/xsd/surefire-test-report-3.0.xsd" version="3.0" name="TestSuite" time="1.878" tests="2" errors="0" skipped="0" failures="0">
  <properties>
[...]
</properties>
  <testcase name="test2" classname="com.test.secondTest" time="0.169">
    <system-out><![CDATA[Test summary #0
Test summary #1
Test summary #2
Test summary #3
Test summary #4
Test summary #5
Test summary #6
Test summary #7
Test summary #8
Test summary #9
Test summary #10
Test summary #11
Test summary #12
Test summary #13
Test summary #14
Test summary #15
Test summary #16
Test summary #17
Test summary #18
Test summary #19
Test summary #20
Test summary #21
Test summary #22
Test summary #23
Test summary #24
Test summary #25
Test summary #26
Test summary #27
Test summary #28
Test summary #29
Test summary #30
Test summary #31
Test summary #32
Test summary #33
Test summary #34
Test summary #35
Test summary #36
Test summary #37
Test summary #38
Test summary #39
Test summary #40
Test summary #41
Test summary #42
Test summary #43
Test summary #44
Test summary #45
Test summary #46
Test summary #47
Test summary #48
Test summary #49
Test summary #50
Test summary #51
Test summary #52
Test summary #53
Test summary #54
Test summary #55
Test summary #56
Test summary #57
Test summary #58
Test summary #59
Test summary #60
Test summary #61
Test summary #62
Test summary #63
Test summary #64
Test summary #65
Test summary #66
Test summary #67
Test summary #68
Test summary #69
Test summary #70
Test summary #71
Test summary #72
Test summary #73
Test summary #74
Test summary #75
Test summary #76
Test summary #77
Test summary #78
Test summary #79
Test summary #80
Test summary #81
Test summary #82
Test summary #83
Test summary #84
Test summary #85
Test summary #86
Test summary #87
Test summary #88
Test summary #89
Test summary #90
Test summary #91
Test summary #92
Test summary #93
Test summary #94
Test summary #95
Test summary #96
Test summary #97
Test summary #98
Test summary #99
Test summary #100
Test summary #101
Test summary #102
Test summary #103
Test summary #104
Test summary #105
Test summary #106
Test summary #107
Test summary #108
Test summary #109
Test summary #110
Test summary #111
Test summary #112
Test summary #113
Test summary #114
Test summary #115
Test summary #116
Test summary #117
Test summary #118
Test summary #119
Test summary #120
Test summary #121
Test summary #122
Test summary #123
Test summary #124
Test summary #125
Test summary #126
Test summary #127
Test summary #128
Test summary #129
Test summary #130
Test summary #131
Test summary #132
Test summary #133
Test summary #134
Test summary #135
Test summary #136
Test summary #137
Test summary #138
Test summary #139
Test summary #140
Test summary #141
Test summary #142
Test summary #143
Test summary #144
Test summary #145
Test summary #146
Test summary #147
Test summary #148
Test summary #149
Test summary #150
Test summary #151
Test summary #152
Test summary #153
Test summary #154
Test summary #155
Test summary #156
Test summary #157
Test summary #158
Test summary #159
Test summary #160
Test summary #161
Test summary #162
Test summary #163
Test summary #164
Test summary #165
Test summary #166
Test summary #167
Test summary #168
Test summary #169
Test summary #170
Test summary #171
Test summary #172
Test summary #173
Test summary #174
Test summary #175
Test summary #176
Test summary #177
Test summary #178
Test summary #179
Test summary #180
Test summary #181
Test summary #182
Test summary #183
Test summary #184
Test summary #185
Test summary #186
Test summary #187
Test summary #188
Test summary #189
Test summary #190
Test summary #191
Test summary #192
Test summary #193
Test summary #194
Test summary #195
Test summary #196
Test summary #197
Test summary #198
Test summary #199
]]></system-out>
  </testcase>
  <testcase name="testAdd" classname="com.test.secondTest" time="0.005"/>
</testsuite>