<?xml version="1.0" encoding="UTF-8"?>
<testng-results ignored="0" total="2" passed="2" failed="0" skipped="0">
  <reporter-output>
  </reporter-output>
  <suite started-at="2023-03-25T14:16:00 IST" name="Suite" finished-at="2023-03-25T14:16:00 IST" duration-ms="56">
    <groups>
    </groups>
    <test started-at="2023-03-25T14:16:00 IST" name="Test" finished-at="2023-03-25T14:16:00 IST" duration-ms="56">
      <class name="com.test.secondTest">
        <test-method signature="test2()[pri:0, instance:com.test.secondTest@3ad85136]" started-at="2023-03-25T14:16:00 IST" name="test2" finished-at="2023-03-25T14:16:00 IST" duration-ms="14" status="PASS">
          <reporter-output>
          </reporter-output>
        </test-method> <!-- test2 -->
        <test-method signature="testAdd()[pri:0, instance:com.test.secondTest@3ad85136]" started-at="2023-03-25T14:16:00 IST" name="testAdd" finished-at="2023-03-25T14:16:00 IST" duration-ms="1" status="PASS">
          <reporter-output>
          </reporter-output>
        </test-method> <!-- testAdd -->
      </class> <!-- com.test.secondTest -->
    </test> <!-- Test -->
  </suite> <!-- Suite -->
</testng-results>
